<?xml version="1.0" encoding="UTF-8"?>
<!-- Generated by org.testng.reporters.JUnitReportReporter -->
<testsuite skipped="0" hostname="DESKTOP-C6H45SH" name="com.inetbanking.testCases.TC_EditCustomer_004" tests="1" failures="0" timestamp="05 Nov 2019 10:21:32 GMT" time="20.495" errors="0">
  <testcase name="editCustomer" time="20.495" classname="com.inetbanking.testCases.TC_EditCustomer_004"/>
</testsuite> <!-- com.inetbanking.testCases.TC_EditCustomer_004 -->
