<?xml version="1.0" encoding="UTF-8"?>
<!-- Generated by org.testng.reporters.JUnitReportReporter -->
<testsuite skipped="0" hostname="DESKTOP-C6H45SH" name="com.inetbanking.testCases.TC_LoginTest_001" tests="1" failures="0" timestamp="05 Nov 2019 05:39:25 GMT" time="12.964" errors="0">
  <testcase name="loginTest" time="12.964" classname="com.inetbanking.testCases.TC_LoginTest_001"/>
</testsuite> <!-- com.inetbanking.testCases.TC_LoginTest_001 -->
