<?xml version="1.0" encoding="UTF-8"?>
<!-- Generated by org.testng.reporters.JUnitReportReporter -->
<testsuite skipped="0" hostname="DESKTOP-C6H45SH" name="com.inetbanking.testCases.TC_EditCustomer_004" tests="1" failures="0" timestamp="14 Nov 2019 06:40:58 GMT" time="23.256" errors="0">
  <testcase name="editCustomer" time="23.256" classname="com.inetbanking.testCases.TC_EditCustomer_004"/>
</testsuite> <!-- com.inetbanking.testCases.TC_EditCustomer_004 -->
