<?xml version="1.0" encoding="UTF-8"?>
<!-- Generated by org.testng.reporters.JUnitReportReporter -->
<testsuite skipped="0" hostname="DESKTOP-C6H45SH" name="com.inetbanking.testCases.TC_AddCustomerTest_003" tests="1" failures="0" timestamp="05 Nov 2019 16:09:52 GMT" time="55.378" errors="0">
  <testcase name="addNewCustomer" time="55.378" classname="com.inetbanking.testCases.TC_AddCustomerTest_003"/>
</testsuite> <!-- com.inetbanking.testCases.TC_AddCustomerTest_003 -->
